<?xml version="1.0" encoding="UTF-8"?>
<testsuite xmlns:xsi="http://www.w3.org/2001/XMLSchema-instance" xsi:noNamespaceSchemaLocation="https://maven.apache.org/surefire/maven-surefire-plugin/xsd/surefire-test-report-3.0.xsd" version="3.0" name="com.ejemplo.problema2.Problema2Test" time="0.074" tests="26" errors="0" skipped="0" failures="0">
  <properties>
    <property name="java.specification.version" value="21"/>
    <property name="sun.cpu.isalist" value="amd64"/>
    <property name="sun.jnu.encoding" value="Cp1252"/>
    <property name="java.class.path" value="C:\Users\USER\eclipse-workspace\ISO2_2024_C03_Testing_P2\target\test-classes;C:\Users\USER\eclipse-workspace\ISO2_2024_C03_Testing_P2\target\classes;C:\Users\USER\.m2\repository\org\junit\jupiter\junit-jupiter\5.9.3\junit-jupiter-5.9.3.jar;C:\Users\USER\.m2\repository\org\junit\jupiter\junit-jupiter-api\5.9.3\junit-jupiter-api-5.9.3.jar;C:\Users\USER\.m2\repository\org\opentest4j\opentest4j\1.2.0\opentest4j-1.2.0.jar;C:\Users\USER\.m2\repository\org\junit\platform\junit-platform-commons\1.9.3\junit-platform-commons-1.9.3.jar;C:\Users\USER\.m2\repository\org\apiguardian\apiguardian-api\1.1.2\apiguardian-api-1.1.2.jar;C:\Users\USER\.m2\repository\org\junit\jupiter\junit-jupiter-params\5.9.3\junit-jupiter-params-5.9.3.jar;C:\Users\USER\.m2\repository\org\junit\jupiter\junit-jupiter-engine\5.9.3\junit-jupiter-engine-5.9.3.jar;C:\Users\USER\.m2\repository\org\junit\platform\junit-platform-engine\1.9.3\junit-platform-engine-1.9.3.jar;"/>
    <property name="java.vm.vendor" value="Eclipse Adoptium"/>
    <property name="sun.arch.data.model" value="64"/>
    <property name="user.variant" value=""/>
    <property name="java.vendor.url" value="https://adoptium.net/"/>
    <property name="user.timezone" value="Europe/Madrid"/>
    <property name="os.name" value="Windows 10"/>
    <property name="java.vm.specification.version" value="21"/>
    <property name="sun.java.launcher" value="SUN_STANDARD"/>
    <property name="user.country" value="ES"/>
    <property name="sun.boot.library.path" value="C:\Program Files\Eclipse Adoptium\jdk-21.0.4.7-hotspot\bin"/>
    <property name="sun.java.command" value="C:\Users\USER\AppData\Local\Temp\surefire16040253622002122463\surefirebooter-20241215194238079_3.jar C:\Users\USER\AppData\Local\Temp\surefire16040253622002122463 2024-12-15T19-42-37_983-jvmRun1 surefire-20241215194238079_1tmp surefire_0-20241215194238079_2tmp"/>
    <property name="jdk.debug" value="release"/>
    <property name="surefire.test.class.path" value="C:\Users\USER\eclipse-workspace\ISO2_2024_C03_Testing_P2\target\test-classes;C:\Users\USER\eclipse-workspace\ISO2_2024_C03_Testing_P2\target\classes;C:\Users\USER\.m2\repository\org\junit\jupiter\junit-jupiter\5.9.3\junit-jupiter-5.9.3.jar;C:\Users\USER\.m2\repository\org\junit\jupiter\junit-jupiter-api\5.9.3\junit-jupiter-api-5.9.3.jar;C:\Users\USER\.m2\repository\org\opentest4j\opentest4j\1.2.0\opentest4j-1.2.0.jar;C:\Users\USER\.m2\repository\org\junit\platform\junit-platform-commons\1.9.3\junit-platform-commons-1.9.3.jar;C:\Users\USER\.m2\repository\org\apiguardian\apiguardian-api\1.1.2\apiguardian-api-1.1.2.jar;C:\Users\USER\.m2\repository\org\junit\jupiter\junit-jupiter-params\5.9.3\junit-jupiter-params-5.9.3.jar;C:\Users\USER\.m2\repository\org\junit\jupiter\junit-jupiter-engine\5.9.3\junit-jupiter-engine-5.9.3.jar;C:\Users\USER\.m2\repository\org\junit\platform\junit-platform-engine\1.9.3\junit-platform-engine-1.9.3.jar;"/>
    <property name="sun.cpu.endian" value="little"/>
    <property name="user.home" value="C:\Users\USER"/>
    <property name="user.language" value="es"/>
    <property name="java.specification.vendor" value="Oracle Corporation"/>
    <property name="java.version.date" value="2024-07-16"/>
    <property name="java.home" value="C:\Program Files\Eclipse Adoptium\jdk-21.0.4.7-hotspot"/>
    <property name="file.separator" value="\"/>
    <property name="basedir" value="C:\Users\USER\eclipse-workspace\ISO2_2024_C03_Testing_P2"/>
    <property name="java.vm.compressedOopsMode" value="Zero based"/>
    <property name="line.separator" value="&#10;"/>
    <property name="java.vm.specification.vendor" value="Oracle Corporation"/>
    <property name="java.specification.name" value="Java Platform API Specification"/>
    <property name="surefire.real.class.path" value="C:\Users\USER\AppData\Local\Temp\surefire16040253622002122463\surefirebooter-20241215194238079_3.jar"/>
    <property name="user.script" value=""/>
    <property name="sun.management.compiler" value="HotSpot 64-Bit Tiered Compilers"/>
    <property name="java.runtime.version" value="21.0.4+7-LTS"/>
    <property name="user.name" value="USER"/>
    <property name="stdout.encoding" value="Cp1252"/>
    <property name="path.separator" value=";"/>
    <property name="os.version" value="10.0"/>
    <property name="java.runtime.name" value="OpenJDK Runtime Environment"/>
    <property name="file.encoding" value="UTF-8"/>
    <property name="java.vm.name" value="OpenJDK 64-Bit Server VM"/>
    <property name="java.vendor.version" value="Temurin-21.0.4+7"/>
    <property name="localRepository" value="C:\Users\USER\.m2\repository"/>
    <property name="java.vendor.url.bug" value="https://github.com/adoptium/adoptium-support/issues"/>
    <property name="java.io.tmpdir" value="C:\Users\USER\AppData\Local\Temp\"/>
    <property name="java.version" value="21.0.4"/>
    <property name="user.dir" value="C:\Users\USER\eclipse-workspace\ISO2_2024_C03_Testing_P2"/>
    <property name="os.arch" value="amd64"/>
    <property name="java.vm.specification.name" value="Java Virtual Machine Specification"/>
    <property name="sun.os.patch.level" value=""/>
    <property name="native.encoding" value="Cp1252"/>
    <property name="java.library.path" value="C:\Program Files\Eclipse Adoptium\jdk-21.0.4.7-hotspot\bin;C:\Windows\Sun\Java\bin;C:\Windows\system32;C:\Windows;C:\Program Files\Eclipse Adoptium\jdk-21.0.4.7-hotspot\bin;C:\oracleXE\dbhomeXE\bin;C:\Program Files\Common Files\Oracle\Java\javapath;C:\Program Files (x86)\Common Files\Oracle\Java\javapath;C:\Windows\system32;C:\Windows;C:\Windows\System32\Wbem;C:\Windows\System32\WindowsPowerShell\v1.0\;C:\Windows\System32\OpenSSH\;C:\Program Files\Intel\Intel(R) Memory and Storage Tool\;C:\Program Files\MATLAB\R2023a\bin;C:\TDM-GCC-64\bin;C:\Program Files\dotnet\;C:\Program Files\AutoFirma\AutoFirma;C:\maven\apache-maven-3.9.9\bin;C:\Program Files\Git\cmd;C:\Users\USER\AppData\Local\Microsoft\WindowsApps;C:\Users\USER\AppData\Local\Programs\Microsoft VS Code\bin;C:\Users\USER\.dotnet\tools;C:\Users\USER\AppData\Local\GitHubDesktop\bin;."/>
    <property name="java.vm.info" value="mixed mode, sharing"/>
    <property name="stderr.encoding" value="Cp1252"/>
    <property name="java.vendor" value="Eclipse Adoptium"/>
    <property name="java.vm.version" value="21.0.4+7-LTS"/>
    <property name="sun.io.unicode.encoding" value="UnicodeLittle"/>
    <property name="java.class.version" value="65.0"/>
  </properties>
  <testcase name="testCaso1" classname="com.ejemplo.problema2.Problema2Test" time="0.025"/>
  <testcase name="testCaso2" classname="com.ejemplo.problema2.Problema2Test" time="0.001"/>
  <testcase name="testCaso3" classname="com.ejemplo.problema2.Problema2Test" time="0.0"/>
  <testcase name="testCaso4" classname="com.ejemplo.problema2.Problema2Test" time="0.001"/>
  <testcase name="testCaso5" classname="com.ejemplo.problema2.Problema2Test" time="0.001"/>
  <testcase name="testCaso6" classname="com.ejemplo.problema2.Problema2Test" time="0.001"/>
  <testcase name="testCaso7" classname="com.ejemplo.problema2.Problema2Test" time="0.001"/>
  <testcase name="testCaso8" classname="com.ejemplo.problema2.Problema2Test" time="0.001"/>
  <testcase name="testCaso9" classname="com.ejemplo.problema2.Problema2Test" time="0.0"/>
  <testcase name="testCaso10" classname="com.ejemplo.problema2.Problema2Test" time="0.0"/>
  <testcase name="testCaso11" classname="com.ejemplo.problema2.Problema2Test" time="0.0"/>
  <testcase name="testCaso12" classname="com.ejemplo.problema2.Problema2Test" time="0.001"/>
  <testcase name="testCaso13" classname="com.ejemplo.problema2.Problema2Test" time="0.001"/>
  <testcase name="testCaso14" classname="com.ejemplo.problema2.Problema2Test" time="0.0"/>
  <testcase name="testCaso15" classname="com.ejemplo.problema2.Problema2Test" time="0.0"/>
  <testcase name="testCaso16" classname="com.ejemplo.problema2.Problema2Test" time="0.0"/>
  <testcase name="testCaso17" classname="com.ejemplo.problema2.Problema2Test" time="0.0"/>
  <testcase name="testCaso18" classname="com.ejemplo.problema2.Problema2Test" time="0.0"/>
  <testcase name="testCaso19" classname="com.ejemplo.problema2.Problema2Test" time="0.0"/>
  <testcase name="testCaso20" classname="com.ejemplo.problema2.Problema2Test" time="0.0"/>
  <testcase name="testCaso21" classname="com.ejemplo.problema2.Problema2Test" time="0.001"/>
  <testcase name="testCaso22" classname="com.ejemplo.problema2.Problema2Test" time="0.001"/>
  <testcase name="testCaso23" classname="com.ejemplo.problema2.Problema2Test" time="0.0"/>
  <testcase name="testCaso24" classname="com.ejemplo.problema2.Problema2Test" time="0.0"/>
  <testcase name="testCaso25" classname="com.ejemplo.problema2.Problema2Test" time="0.0"/>
  <testcase name="testCaso26" classname="com.ejemplo.problema2.Problema2Test" time="0.0"/>
</testsuite>